<?xml version="1.0" encoding="UTF-8"?>
<<<<<<< HEAD
<testsuite xmlns:xsi="http://www.w3.org/2001/XMLSchema-instance" xsi:noNamespaceSchemaLocation="https://maven.apache.org/surefire/maven-surefire-plugin/xsd/surefire-test-report-3.0.xsd" version="3.0" name="com.hatim.app.AppTest" time="0.038" tests="1" errors="0" skipped="0" failures="0">
=======
<testsuite xmlns:xsi="http://www.w3.org/2001/XMLSchema-instance" xsi:noNamespaceSchemaLocation="https://maven.apache.org/surefire/maven-surefire-plugin/xsd/surefire-test-report-3.0.xsd" version="3.0" name="com.hatim.app.AppTest" time="0.025" tests="1" errors="0" skipped="0" failures="0">
>>>>>>> 2b3a32b98d4749dc61529852da8d765a9a90f461
  <properties>
    <property name="java.specification.version" value="17"/>
    <property name="sun.cpu.isalist" value="amd64"/>
    <property name="sun.jnu.encoding" value="Cp1252"/>
<<<<<<< HEAD
    <property name="java.class.path" value="C:\Users\LOUKILI\Desktop\GIT\my-servlet-app-with-filter\my-servlet-app\target\test-classes;C:\Users\LOUKILI\Desktop\GIT\my-servlet-app-with-filter\my-servlet-app\target\classes;C:\Users\LOUKILI\.m2\repository\junit\junit\3.8.1\junit-3.8.1.jar;C:\Users\LOUKILI\.m2\repository\javax\servlet\javax.servlet-api\3.1.0\javax.servlet-api-3.1.0.jar;"/>
=======
    <property name="java.class.path" value="C:\Users\LOUKILI\Desktop\GIT\my-servlet-app\my-servlet-app\target\test-classes;C:\Users\LOUKILI\Desktop\GIT\my-servlet-app\my-servlet-app\target\classes;C:\Users\LOUKILI\.m2\repository\junit\junit\3.8.1\junit-3.8.1.jar;C:\Users\LOUKILI\.m2\repository\javax\servlet\javax.servlet-api\3.1.0\javax.servlet-api-3.1.0.jar;"/>
>>>>>>> 2b3a32b98d4749dc61529852da8d765a9a90f461
    <property name="java.vm.vendor" value="Oracle Corporation"/>
    <property name="sun.arch.data.model" value="64"/>
    <property name="user.variant" value=""/>
    <property name="java.vendor.url" value="https://java.oracle.com/"/>
    <property name="user.timezone" value="Europe/Paris"/>
    <property name="os.name" value="Windows 10"/>
    <property name="java.vm.specification.version" value="17"/>
    <property name="sun.java.launcher" value="SUN_STANDARD"/>
    <property name="user.country" value="FR"/>
    <property name="sun.boot.library.path" value="C:\Program Files\Java\jdk-17\bin"/>
<<<<<<< HEAD
    <property name="sun.java.command" value="C:\Users\LOUKILI\AppData\Local\Temp\surefire14518663034026844925\surefirebooter-20240219113233568_3.jar C:\Users\LOUKILI\AppData\Local\Temp\surefire14518663034026844925 2024-02-19T11-32-32_552-jvmRun1 surefire-20240219113233568_1tmp surefire_0-20240219113233568_2tmp"/>
    <property name="jdk.debug" value="release"/>
    <property name="surefire.test.class.path" value="C:\Users\LOUKILI\Desktop\GIT\my-servlet-app-with-filter\my-servlet-app\target\test-classes;C:\Users\LOUKILI\Desktop\GIT\my-servlet-app-with-filter\my-servlet-app\target\classes;C:\Users\LOUKILI\.m2\repository\junit\junit\3.8.1\junit-3.8.1.jar;C:\Users\LOUKILI\.m2\repository\javax\servlet\javax.servlet-api\3.1.0\javax.servlet-api-3.1.0.jar;"/>
=======
    <property name="sun.java.command" value="C:\Users\LOUKILI\AppData\Local\Temp\surefire12029606202342426253\surefirebooter-20240213115051515_3.jar C:\Users\LOUKILI\AppData\Local\Temp\surefire12029606202342426253 2024-02-13T11-50-51_272-jvmRun1 surefire-20240213115051515_1tmp surefire_0-20240213115051515_2tmp"/>
    <property name="jdk.debug" value="release"/>
    <property name="surefire.test.class.path" value="C:\Users\LOUKILI\Desktop\GIT\my-servlet-app\my-servlet-app\target\test-classes;C:\Users\LOUKILI\Desktop\GIT\my-servlet-app\my-servlet-app\target\classes;C:\Users\LOUKILI\.m2\repository\junit\junit\3.8.1\junit-3.8.1.jar;C:\Users\LOUKILI\.m2\repository\javax\servlet\javax.servlet-api\3.1.0\javax.servlet-api-3.1.0.jar;"/>
>>>>>>> 2b3a32b98d4749dc61529852da8d765a9a90f461
    <property name="sun.cpu.endian" value="little"/>
    <property name="user.home" value="C:\Users\LOUKILI"/>
    <property name="user.language" value="fr"/>
    <property name="java.specification.vendor" value="Oracle Corporation"/>
    <property name="java.version.date" value="2024-01-16"/>
    <property name="java.home" value="C:\Program Files\Java\jdk-17"/>
    <property name="file.separator" value="\"/>
<<<<<<< HEAD
    <property name="basedir" value="C:\Users\LOUKILI\Desktop\GIT\my-servlet-app-with-filter\my-servlet-app"/>
=======
    <property name="basedir" value="C:\Users\LOUKILI\Desktop\GIT\my-servlet-app\my-servlet-app"/>
>>>>>>> 2b3a32b98d4749dc61529852da8d765a9a90f461
    <property name="java.vm.compressedOopsMode" value="Zero based"/>
    <property name="line.separator" value="&#10;"/>
    <property name="java.vm.specification.vendor" value="Oracle Corporation"/>
    <property name="java.specification.name" value="Java Platform API Specification"/>
<<<<<<< HEAD
    <property name="surefire.real.class.path" value="C:\Users\LOUKILI\AppData\Local\Temp\surefire14518663034026844925\surefirebooter-20240219113233568_3.jar"/>
=======
    <property name="surefire.real.class.path" value="C:\Users\LOUKILI\AppData\Local\Temp\surefire12029606202342426253\surefirebooter-20240213115051515_3.jar"/>
>>>>>>> 2b3a32b98d4749dc61529852da8d765a9a90f461
    <property name="user.script" value=""/>
    <property name="sun.management.compiler" value="HotSpot 64-Bit Tiered Compilers"/>
    <property name="java.runtime.version" value="17.0.10+11-LTS-240"/>
    <property name="user.name" value="LOUKILI"/>
    <property name="path.separator" value=";"/>
    <property name="os.version" value="10.0"/>
    <property name="java.runtime.name" value="Java(TM) SE Runtime Environment"/>
    <property name="file.encoding" value="Cp1252"/>
    <property name="java.vm.name" value="Java HotSpot(TM) 64-Bit Server VM"/>
    <property name="localRepository" value="C:\Users\LOUKILI\.m2\repository"/>
    <property name="java.vendor.url.bug" value="https://bugreport.java.com/bugreport/"/>
    <property name="java.io.tmpdir" value="C:\Users\LOUKILI\AppData\Local\Temp\"/>
    <property name="java.version" value="17.0.10"/>
<<<<<<< HEAD
    <property name="user.dir" value="C:\Users\LOUKILI\Desktop\GIT\my-servlet-app-with-filter\my-servlet-app"/>
=======
    <property name="user.dir" value="C:\Users\LOUKILI\Desktop\GIT\my-servlet-app\my-servlet-app"/>
>>>>>>> 2b3a32b98d4749dc61529852da8d765a9a90f461
    <property name="os.arch" value="amd64"/>
    <property name="java.vm.specification.name" value="Java Virtual Machine Specification"/>
    <property name="sun.os.patch.level" value=""/>
    <property name="native.encoding" value="Cp1252"/>
<<<<<<< HEAD
    <property name="java.library.path" value="C:\Program Files\Java\jdk-17\bin;C:\Windows\Sun\Java\bin;C:\Windows\system32;C:\Windows;C:\Users\LOUKILI\bin;C:\Program Files\Git\mingw64\bin;C:\Program Files\Git\usr\local\bin;C:\Program Files\Git\usr\bin;C:\Program Files\Git\usr\bin;C:\Program Files\Git\mingw64\bin;C:\Program Files\Git\usr\bin;C:\Users\LOUKILI\bin;C:\Program Files (x86)\VMware\VMware Player\bin;C:\Program Files\Common Files\Oracle\Java\javapath;C:\Windows\system32;C:\Windows;C:\Windows\System32\Wbem;C:\Windows\System32\WindowsPowerShell\v1.0;C:\Windows\System32\OpenSSH;C:\Program Files\Microsoft SQL Server\150\Tools\Binn;C:\Program Files\Microsoft SQL Server\Client SDK\ODBC\170\Tools\Binn;C:\Program Files\dotnet;C:\Program Files (x86)\Microsoft SQL Server\160\Tools\Binn;C:\Program Files\Microsoft SQL Server\160\Tools\Binn;C:\Program Files\Microsoft SQL Server\160\DTS\Binn;C:\Program Files (x86)\Microsoft SQL Server\160\DTS\Binn;C:\Program Files\Azure Data Studio\bin;C:\Program Files\nodejs;C:\Program Files\Git\cmd;C:\Program Files\Java\jdk-17\bin;C:\Users\LOUKILI\Desktop\apache-maven-3.9.6-bin\apache-maven-3.9.6\bin;C:\Program Files (x86)\Microsoft SQL Server\100\Tools\Binn;C:\Program Files\Microsoft SQL Server\100\Tools\Binn;C:\Program Files\Microsoft SQL Server\100\DTS\Binn;C:\Program Files (x86)\Microsoft SQL Server\100\Tools\Binn\VSShell\Common7\IDE;C:\Program Files (x86)\Microsoft Visual Studio 9.0\Common7\IDE\PrivateAssemblies;C:\Program Files (x86)\Microsoft SQL Server\100\DTS\Binn;C:\Users\LOUKILI\AppData\Local\Microsoft\WindowsApps;C:\Users\LOUKILI\AppData\Local\Programs\Microsoft VS Code\bin;C:\Python27\ArcGIS10.7;C:\Python27\ArcGIS10.7\Scripts;C:\Users\LOUKILI\.dotnet\tools;C:\Program Files\Azure Data Studio\bin;C:\Users\LOUKILI\AppData\Roaming\npm;C:\Program Files\Git\usr\bin\vendor_perl;C:\Program Files\Git\usr\bin\core_perl;."/>
=======
    <property name="java.library.path" value="C:\Program Files\Java\jdk-17\bin;C:\Windows\Sun\Java\bin;C:\Windows\system32;C:\Windows;C:\Program Files\Common Files\Oracle\Java\javapath;C:\Windows\system32;C:\Windows;C:\Windows\System32\Wbem;C:\Windows\System32\WindowsPowerShell\v1.0\;C:\Windows\System32\OpenSSH\;C:\Program Files\Microsoft SQL Server\150\Tools\Binn\;C:\Program Files\Microsoft SQL Server\Client SDK\ODBC\170\Tools\Binn\;C:\Program Files\dotnet\;C:\Program Files (x86)\Microsoft SQL Server\160\Tools\Binn\;C:\Program Files\Microsoft SQL Server\160\Tools\Binn\;C:\Program Files\Microsoft SQL Server\160\DTS\Binn\;C:\Program Files (x86)\Microsoft SQL Server\160\DTS\Binn\;C:\Program Files\Azure Data Studio\bin;C:\Program Files\nodejs\;C:\Program Files\Git\cmd;C:\Program Files\Java\jdk-17\bin;C:\Users\LOUKILI\Desktop\apache-maven-3.9.6-bin\apache-maven-3.9.6\bin;C:\Program Files (x86)\Microsoft SQL Server\100\Tools\Binn\;C:\Program Files\Microsoft SQL Server\100\Tools\Binn\;C:\Program Files\Microsoft SQL Server\100\DTS\Binn\;C:\Program Files (x86)\Microsoft SQL Server\100\Tools\Binn\VSShell\Common7\IDE\;C:\Program Files (x86)\Microsoft Visual Studio 9.0\Common7\IDE\PrivateAssemblies\;C:\Program Files (x86)\Microsoft SQL Server\100\DTS\Binn\;C:\Users\LOUKILI\AppData\Local\Microsoft\WindowsApps;C:\Users\LOUKILI\AppData\Local\Programs\Microsoft VS Code\bin;C:\Python27\ArcGIS10.7;C:\Python27\ArcGIS10.7\Scripts;C:\Users\LOUKILI\.dotnet\tools;C:\Program Files\Azure Data Studio\bin;C:\Users\LOUKILI\AppData\Roaming\npm;."/>
>>>>>>> 2b3a32b98d4749dc61529852da8d765a9a90f461
    <property name="java.vm.info" value="mixed mode, sharing"/>
    <property name="java.vendor" value="Oracle Corporation"/>
    <property name="java.vm.version" value="17.0.10+11-LTS-240"/>
    <property name="sun.io.unicode.encoding" value="UnicodeLittle"/>
    <property name="java.class.version" value="61.0"/>
  </properties>
<<<<<<< HEAD
  <testcase name="testApp" classname="com.hatim.app.AppTest" time="0.003"/>
=======
  <testcase name="testApp" classname="com.hatim.app.AppTest" time="0.002"/>
>>>>>>> 2b3a32b98d4749dc61529852da8d765a9a90f461
</testsuite>